[  0%] Built target _pick_delivery_generate_messages_check_deps_invio
[  0%] Built target _pick_delivery_generate_messages_check_deps_login
[  0%] Built target std_msgs_generate_messages_cpp
[  0%] Built target _pick_delivery_generate_messages_check_deps_c_to_s
[  0%] Built target std_msgs_generate_messages_py
[  0%] Built target std_msgs_generate_messages_nodejs
[  0%] Built target _pick_delivery_generate_messages_check_deps_s_to_c
[  0%] Built target std_msgs_generate_messages_eus
[  0%] Built target std_msgs_generate_messages_lisp
[ 14%] Built target pick_delivery_generate_messages_cpp
[ 37%] Built target pick_delivery_generate_messages_py
[ 51%] Built target pick_delivery_generate_messages_nodejs
[ 66%] Built target pick_delivery_generate_messages_lisp
[ 66%] Built target pick_delivery_gencpp
[ 85%] Built target pick_delivery_generate_messages_eus
[35m[1mScanning dependencies of target server[0m
[ 88%] [32mBuilding CXX object CMakeFiles/server.dir/src/server.cpp.o[0m
[ 96%] Built target client
[ 96%] Built target pick_delivery_generate_messages
[01m[K/home/me/lab/src/pick_delivery/src/server.cpp:[m[K In function â€˜[01m[Kvoid check_robot(const ConstPtr&)[m[Kâ€™:
[01m[K/home/me/lab/src/pick_delivery/src/server.cpp:193:4:[m[K [01;31m[Kerror: [m[Kâ€˜[01m[Kset_goal[m[Kâ€™ was not declared in this scope
    [01;31m[Kset_goal[m[K();
    [01;31m[K^~~~~~~~[m[K
[01m[K/home/me/lab/src/pick_delivery/src/server.cpp:193:4:[m[K [01;36m[Knote: [m[Ksuggested alternative: â€˜[01m[Kgoal[m[Kâ€™
    [01;36m[Kset_goal[m[K();
    [01;36m[K^~~~~~~~[m[K
    [32m[Kgoal[m[K
[01m[K/home/me/lab/src/pick_delivery/src/server.cpp:[m[K In function â€˜[01m[Kvoid set_goal()[m[Kâ€™:
[01m[K/home/me/lab/src/pick_delivery/src/server.cpp:215:18:[m[K [01;31m[Kerror: [m[Kexpected primary-expression before â€˜[01m[K)[m[Kâ€™ token
   coordx = (*aula[01;31m[K)[m[K.x;
                  [01;31m[K^[m[K
[01m[K/home/me/lab/src/pick_delivery/src/server.cpp:216:18:[m[K [01;31m[Kerror: [m[Kexpected primary-expression before â€˜[01m[K)[m[Kâ€™ token
   coordy = (*aula[01;31m[K)[m[K.y;
                  [01;31m[K^[m[K
[01m[K/home/me/lab/src/pick_delivery/src/server.cpp:[m[K In function â€˜[01m[Kint main(int, char**)[m[Kâ€™:
[01m[K/home/me/lab/src/pick_delivery/src/server.cpp:246:4:[m[K [01;31m[Kerror: [m[Kâ€˜[01m[Kset_goal_user[m[Kâ€™ was not declared in this scope
    [01;31m[Kset_goal_user[m[K(*sender);
    [01;31m[K^~~~~~~~~~~~~[m[K
[01m[K/home/me/lab/src/pick_delivery/src/server.cpp:246:4:[m[K [01;36m[Knote: [m[Ksuggested alternative: â€˜[01m[Kset_goal[m[Kâ€™
    [01;36m[Kset_goal_user[m[K(*sender);
    [01;36m[K^~~~~~~~~~~~~[m[K
    [32m[Kset_goal[m[K
[01m[K/home/me/lab/src/pick_delivery/src/server.cpp:251:4:[m[K [01;31m[Kerror: [m[Kâ€˜[01m[Kset_goal_aula[m[Kâ€™ was not declared in this scope
    [01;31m[Kset_goal_aula[m[K(*auladest);
    [01;31m[K^~~~~~~~~~~~~[m[K
[01m[K/home/me/lab/src/pick_delivery/src/server.cpp:251:4:[m[K [01;36m[Knote: [m[Ksuggested alternative: â€˜[01m[Kset_goal[m[Kâ€™
    [01;36m[Kset_goal_aula[m[K(*auladest);
    [01;36m[K^~~~~~~~~~~~~[m[K
    [32m[Kset_goal[m[K
CMakeFiles/server.dir/build.make:62: recipe for target 'CMakeFiles/server.dir/src/server.cpp.o' failed
CMakeFiles/Makefile2:1185: recipe for target 'CMakeFiles/server.dir/all' failed
make[2]: *** [CMakeFiles/server.dir/src/server.cpp.o] Error 1
make[1]: *** [CMakeFiles/server.dir/all] Error 2
Makefile:140: recipe for target 'all' failed
make: *** [all] Error 2
